Info) VMD for LINUXAMD64, version 1.9.2 (December 29, 2014)
Info) http://www.ks.uiuc.edu/Research/vmd/                         
Info) Email questions and bug reports to vmd@ks.uiuc.edu           
Info) Please include this reference in published work using VMD:   
Info)    Humphrey, W., Dalke, A. and Schulten, K., `VMD - Visual   
Info)    Molecular Dynamics', J. Molec. Graphics 1996, 14.1, 33-38.
Info) -------------------------------------------------------------
Info) Multithreading available, 1 CPU detected.
Info) Free system memory: 1180MB (57%)
Warning) Detected a mismatch between CUDA runtime and GPU driver
Warning) Check to make sure that GPU drivers are up to date.
Info) No CUDA accelerator devices available.
Info) Dynamically loaded 2 plugins in directory:
Info) /home/mac2109/local/vmd-1.9.2/plugins/LINUXAMD64/molfile
after#0
/home/mac2109/local/vmd-1.9.2/scripts/tcl8.5 /home/mac2109/local/vmd-1.9.2/scripts /home/mac2109/local/lib /Projects/johns/tcl/8.5.6/lib_LINUXAMD64/lib /home/mac2109/local/vmd-1.9.2/scripts/vmd /home/mac2109/local/vmd-1.9.2/plugins/LINUXAMD64/tcl /home/mac2109/local/vmd-1.9.2/plugins/noarch/tcl /home/mac2109/local/tcllib-1.18/lib/tcllib1.18/
couldn't load file "/store001/mac2109/local/volarea/Routines/Other/sqlite/64B/libtclsqlite3.so": /store001/mac2109/local/volarea/Routines/Other/sqlite/64B/libtclsqlite3.so: cannot open shared object file: No such file or directory
/home/mac2109/local/vmd-1.9.2/scripts/tcl8.5 /home/mac2109/local/vmd-1.9.2/scripts /home/mac2109/local/lib /Projects/johns/tcl/8.5.6/lib_LINUXAMD64/lib /home/mac2109/local/vmd-1.9.2/scripts/vmd /home/mac2109/local/vmd-1.9.2/plugins/LINUXAMD64/tcl /home/mac2109/local/vmd-1.9.2/plugins/noarch/tcl /home/mac2109/local/tcllib-1.18/lib/tcllib1.18/ /store001/mac2109/local/volarea/
/home/mac2109/local/vmd-1.9.2/scripts/tcl8.5 /home/mac2109/local/vmd-1.9.2/scripts /home/mac2109/local/lib /Projects/johns/tcl/8.5.6/lib_LINUXAMD64/lib /home/mac2109/local/vmd-1.9.2/scripts/vmd /home/mac2109/local/vmd-1.9.2/plugins/LINUXAMD64/tcl /home/mac2109/local/vmd-1.9.2/plugins/noarch/tcl /home/mac2109/local/tcllib-1.18/lib/tcllib1.18/ /store001/mac2109/local/volarea/ /store001/mac2109/local/volarea/Routines/Lib
/home/mac2109/local/vmd-1.9.2/scripts/tcl8.5 /home/mac2109/local/vmd-1.9.2/scripts /home/mac2109/local/lib /Projects/johns/tcl/8.5.6/lib_LINUXAMD64/lib /home/mac2109/local/vmd-1.9.2/scripts/vmd /home/mac2109/local/vmd-1.9.2/plugins/LINUXAMD64/tcl /home/mac2109/local/vmd-1.9.2/plugins/noarch/tcl /home/mac2109/local/tcllib-1.18/lib/tcllib1.18/ /store001/mac2109/local/volarea/ /store001/mac2109/local/volarea/Routines/Lib /store001/mac2109/local/volarea/Routines/Other
/home/mac2109/local/vmd-1.9.2/scripts/tcl8.5 /home/mac2109/local/vmd-1.9.2/scripts /home/mac2109/local/lib /Projects/johns/tcl/8.5.6/lib_LINUXAMD64/lib /home/mac2109/local/vmd-1.9.2/scripts/vmd /home/mac2109/local/vmd-1.9.2/plugins/LINUXAMD64/tcl /home/mac2109/local/vmd-1.9.2/plugins/noarch/tcl /home/mac2109/local/tcllib-1.18/lib/tcllib1.18/ /store001/mac2109/local/volarea/ /store001/mac2109/local/volarea/Routines/Lib /store001/mac2109/local/volarea/Routines/Other /store001/mac2109/local/volarea/Routines/Other/graph
The VolArea package could not be loaded:

psfplugin) Detected a Charmm PSF file
Info) Using plugin psf for structure file system.namd.psf
Info) Analyzing structure ...
Info)    Atoms: 258466
Info)    Bonds: 211302
Info)    Angles: 272566  Dihedrals: 316806  Impropers: 4629  Cross-terms: 1260
Info)    Bondtypes: 0  Angletypes: 0  Dihedraltypes: 0  Impropertypes: 0
Info)    Residues: 48650
Info)    Waters: 46348
Info)    Segments: 79
Info)    Fragments: 47387   Protein: 6   Nucleic: 0
0
Info) Using plugin pdb for coordinates from file system.pdb
Info) Finished with coordinate file system.pdb.
0
atomselect0
Info) Opened coordinate file complex_raw.pdb for writing.
Info) Finished with coordinate file complex_raw.pdb.
psfplugin) Writing angles/dihedrals/impropers...
Info) Opened coordinate file complex_raw.psf for writing.
Info) Finished with coordinate file complex_raw.psf.
19446
There are 19446 atoms in the selection
Info) VMD for LINUXAMD64, version 1.9.2 (December 29, 2014)
Info) Exiting normally.
vmd > 