Info) VMD for LINUXAMD64, version 1.9.2 (December 29, 2014)
Info) http://www.ks.uiuc.edu/Research/vmd/                         
Info) Email questions and bug reports to vmd@ks.uiuc.edu           
Info) Please include this reference in published work using VMD:   
Info)    Humphrey, W., Dalke, A. and Schulten, K., `VMD - Visual   
Info)    Molecular Dynamics', J. Molec. Graphics 1996, 14.1, 33-38.
Info) -------------------------------------------------------------
Info) Multithreading available, 1 CPU detected.
Info) Free system memory: 1180MB (57%)
Warning) Detected a mismatch between CUDA runtime and GPU driver
Warning) Check to make sure that GPU drivers are up to date.
Info) No CUDA accelerator devices available.
Info) Dynamically loaded 2 plugins in directory:
Info) /home/mac2109/local/vmd-1.9.2/plugins/LINUXAMD64/molfile
after#0
/home/mac2109/local/vmd-1.9.2/scripts/tcl8.5 /home/mac2109/local/vmd-1.9.2/scripts /home/mac2109/local/lib /Projects/johns/tcl/8.5.6/lib_LINUXAMD64/lib /home/mac2109/local/vmd-1.9.2/scripts/vmd /home/mac2109/local/vmd-1.9.2/plugins/LINUXAMD64/tcl /home/mac2109/local/vmd-1.9.2/plugins/noarch/tcl /home/mac2109/local/tcllib-1.18/lib/tcllib1.18/
couldn't load file "/store001/mac2109/local/volarea/Routines/Other/sqlite/64B/libtclsqlite3.so": /store001/mac2109/local/volarea/Routines/Other/sqlite/64B/libtclsqlite3.so: cannot open shared object file: No such file or directory
/home/mac2109/local/vmd-1.9.2/scripts/tcl8.5 /home/mac2109/local/vmd-1.9.2/scripts /home/mac2109/local/lib /Projects/johns/tcl/8.5.6/lib_LINUXAMD64/lib /home/mac2109/local/vmd-1.9.2/scripts/vmd /home/mac2109/local/vmd-1.9.2/plugins/LINUXAMD64/tcl /home/mac2109/local/vmd-1.9.2/plugins/noarch/tcl /home/mac2109/local/tcllib-1.18/lib/tcllib1.18/ /store001/mac2109/local/volarea/
/home/mac2109/local/vmd-1.9.2/scripts/tcl8.5 /home/mac2109/local/vmd-1.9.2/scripts /home/mac2109/local/lib /Projects/johns/tcl/8.5.6/lib_LINUXAMD64/lib /home/mac2109/local/vmd-1.9.2/scripts/vmd /home/mac2109/local/vmd-1.9.2/plugins/LINUXAMD64/tcl /home/mac2109/local/vmd-1.9.2/plugins/noarch/tcl /home/mac2109/local/tcllib-1.18/lib/tcllib1.18/ /store001/mac2109/local/volarea/ /store001/mac2109/local/volarea/Routines/Lib
/home/mac2109/local/vmd-1.9.2/scripts/tcl8.5 /home/mac2109/local/vmd-1.9.2/scripts /home/mac2109/local/lib /Projects/johns/tcl/8.5.6/lib_LINUXAMD64/lib /home/mac2109/local/vmd-1.9.2/scripts/vmd /home/mac2109/local/vmd-1.9.2/plugins/LINUXAMD64/tcl /home/mac2109/local/vmd-1.9.2/plugins/noarch/tcl /home/mac2109/local/tcllib-1.18/lib/tcllib1.18/ /store001/mac2109/local/volarea/ /store001/mac2109/local/volarea/Routines/Lib /store001/mac2109/local/volarea/Routines/Other
/home/mac2109/local/vmd-1.9.2/scripts/tcl8.5 /home/mac2109/local/vmd-1.9.2/scripts /home/mac2109/local/lib /Projects/johns/tcl/8.5.6/lib_LINUXAMD64/lib /home/mac2109/local/vmd-1.9.2/scripts/vmd /home/mac2109/local/vmd-1.9.2/plugins/LINUXAMD64/tcl /home/mac2109/local/vmd-1.9.2/plugins/noarch/tcl /home/mac2109/local/tcllib-1.18/lib/tcllib1.18/ /store001/mac2109/local/volarea/ /store001/mac2109/local/volarea/Routines/Lib /store001/mac2109/local/volarea/Routines/Other /store001/mac2109/local/volarea/Routines/Other/graph
The VolArea package could not be loaded:

 (    chain A and (resid 34 to 74)    ) and ( chain A and resid 51 to 53  )
psfplugin) Detected a Charmm PSF file
Info) Using plugin psf for structure file ../setup_charmm/complex_raw.psf
Info) Analyzing structure ...
Info)    Atoms: 19446
Info)    Bonds: 19620
Info)    Angles: 35754  Dihedrals: 51942  Impropers: 3141  Cross-terms: 1260
Info)    Bondtypes: 0  Angletypes: 0  Dihedraltypes: 0  Impropertypes: 0
Info)    Residues: 1278
Info)    Waters: 0
Info)    Segments: 9
Info)    Fragments: 15   Protein: 6   Nucleic: 0
0
Info) Using plugin pdb for coordinates from file ../setup_charmm/complex_raw.pdb
Info) Finished with coordinate file ../setup_charmm/complex_raw.pdb.
0

 Selection for Part A :   chain A and ( (resid 223 to 417) or (chain S L and not lipid) )   

 Selection for Part B :    chain A and (resid 34 to 74)    

 Selection for decomposition in A : (   chain A and ( (resid 223 to 417) or (chain S L and not lipid) )   ) and ( chain A and resid 351 to 353  ) 

 Selection for decomposition in B :  (    chain A and (resid 34 to 74)    ) and ( chain A and resid 51 to 53  ) 

atomselect0
atomselect1
atomselect2
atomselect3
atomselect4
19446
2896
641
31
59
Info) Opened coordinate file data/definitions.pdb for writing.
Info) Finished with coordinate file data/definitions.pdb.
222 223 224 225 226 227 228 229 230 231 232 233 234 235 236 237 238 239 240 241 242 243 244 245 246 247 248 249 250 251 252 253 254 255 256 257 258 259 260 261 262 263 264 265 266 267 268 269 270 271 272 273 274 275 276 277 278 279 280 281 282 283 284 285 286 287 288 289 290 291 292 293 294 295 296 297 298 299 300 301 302 303 304 305 306 307 308 309 310 311 312 313 314 315 316 317 318 319 320 321 322 323 324 325 326 327 328 329 330 331 332 333 334 335 336 337 338 339 340 341 342 343 344 345 346 347 348 349 350 351 352 353 354 355 356 357 358 359 360 361 362 363 364 365 366 367 368 369 370 371 372 373 374 375 376 377 378 379 380 381 382 383 384 385 386 387 388 389 390 391 392 393 394 395 396 397 398 399 400 401 402 403 404 405 406 407 408 409 410 411 412 413 414 415 416
33 34 35 36 37 38 39 40 41 42 43 44 45 46 47 48 49 50 51 52 53 54 55 56 57 58 59 60 61 62 63 64 65 66 67 68 69 70 71 72 73
350 351 352
50 51 52
223
34
417
74
file4
195
41
3
3

 Part A : 195 residues, 2896 atoms 

 Part B : 41 residues. 641 atoms 

 Selected for decomposition in A : 3 residues, 31 atoms 

 Selected for decomposition in B : 3 residues, 59 atoms 

Info) VMD for LINUXAMD64, version 1.9.2 (December 29, 2014)
Info) Exiting normally.
vmd > 